2026-05-05T07:39:57+00:00 DEBUG Tt4b_Pixel_Class::inject_view_content_event: hit ViewContent
2026-05-05T07:39:57+00:00 DEBUG Tt4b_Pixel_Class::inject_view_content_event: Missing option "access_token"
2026-05-05T07:41:55+00:00 DEBUG Tt4b_Pixel_Class::inject_view_content_event: hit ViewContent
2026-05-05T07:41:56+00:00 DEBUG Tt4b_Pixel_Class::inject_view_content_event: Missing option "access_token"
2026-05-05T07:43:02+00:00 DEBUG Tt4b_Pixel_Class::inject_add_to_cart_event: hit AddToCart
2026-05-05T07:43:02+00:00 DEBUG Tt4b_Pixel_Class::inject_add_to_cart_event: Missing option "access_token"
2026-05-05T07:43:07+00:00 DEBUG Tt4b_Pixel_Class::inject_add_to_cart_event: hit AddToCart
2026-05-05T07:43:07+00:00 DEBUG Tt4b_Pixel_Class::inject_add_to_cart_event: Missing option "access_token"
2026-05-05T07:43:31+00:00 DEBUG Tt4b_Pixel_Class::inject_initiate_checkout_event: hit InitiateCheckout
2026-05-05T07:43:31+00:00 DEBUG Tt4b_Pixel_Class::inject_initiate_checkout_event: Missing option "access_token"
2026-05-05T08:26:21+00:00 DEBUG Tt4b_Pixel_Class::inject_add_to_cart_event: hit AddToCart
2026-05-05T08:26:21+00:00 DEBUG Tt4b_Pixel_Class::inject_add_to_cart_event: Missing option "access_token"
2026-05-05T08:26:24+00:00 DEBUG Tt4b_Pixel_Class::inject_view_content_event: hit ViewContent
2026-05-05T08:26:24+00:00 DEBUG Tt4b_Pixel_Class::inject_view_content_event: Missing option "access_token"
2026-05-05T08:30:07+00:00 DEBUG Tt4b_Pixel_Class::inject_add_to_cart_event: hit AddToCart
2026-05-05T08:30:07+00:00 DEBUG Tt4b_Pixel_Class::inject_add_to_cart_event: Missing option "access_token"
2026-05-05T08:41:37+00:00 DEBUG Tt4b_Pixel_Class::inject_view_content_event: hit ViewContent
2026-05-05T08:41:37+00:00 DEBUG Tt4b_Pixel_Class::inject_view_content_event: Missing option "access_token"
2026-05-05T08:42:26+00:00 DEBUG Tt4b_Pixel_Class::inject_view_content_event: hit ViewContent
2026-05-05T08:42:26+00:00 DEBUG Tt4b_Pixel_Class::inject_view_content_event: Missing option "access_token"
