2026-05-15T08:33:30+00:00 DEBUG Tt4b_Pixel_Class::inject_initiate_checkout_event: hit InitiateCheckout
2026-05-15T08:33:30+00:00 DEBUG Tt4b_Pixel_Class::inject_initiate_checkout_event: Missing option "access_token"
2026-05-15T08:33:40+00:00 DEBUG Tt4b_Pixel_Class::inject_initiate_checkout_event: hit InitiateCheckout
2026-05-15T08:33:40+00:00 DEBUG Tt4b_Pixel_Class::inject_initiate_checkout_event: Missing option "access_token"
2026-05-15T10:16:42+00:00 DEBUG Tt4b_Pixel_Class::inject_view_content_event: hit ViewContent
2026-05-15T10:16:42+00:00 DEBUG Tt4b_Pixel_Class::inject_view_content_event: Missing option "access_token"
2026-05-15T10:16:44+00:00 DEBUG Tt4b_Pixel_Class::inject_view_content_event: hit ViewContent
2026-05-15T10:16:44+00:00 DEBUG Tt4b_Pixel_Class::inject_view_content_event: Missing option "access_token"
2026-05-15T10:16:48+00:00 DEBUG Tt4b_Pixel_Class::inject_view_content_event: hit ViewContent
2026-05-15T10:16:48+00:00 DEBUG Tt4b_Pixel_Class::inject_view_content_event: Missing option "access_token"
2026-05-15T10:16:53+00:00 DEBUG Tt4b_Pixel_Class::inject_view_content_event: hit ViewContent
2026-05-15T10:16:53+00:00 DEBUG Tt4b_Pixel_Class::inject_view_content_event: Missing option "access_token"
2026-05-15T10:16:56+00:00 DEBUG Tt4b_Pixel_Class::inject_view_content_event: hit ViewContent
2026-05-15T10:16:56+00:00 DEBUG Tt4b_Pixel_Class::inject_view_content_event: Missing option "access_token"
2026-05-15T10:16:59+00:00 DEBUG Tt4b_Pixel_Class::inject_view_content_event: hit ViewContent
2026-05-15T10:16:59+00:00 DEBUG Tt4b_Pixel_Class::inject_view_content_event: Missing option "access_token"
2026-05-15T10:17:01+00:00 DEBUG Tt4b_Pixel_Class::inject_view_content_event: hit ViewContent
2026-05-15T10:17:01+00:00 DEBUG Tt4b_Pixel_Class::inject_view_content_event: Missing option "access_token"
2026-05-15T10:17:06+00:00 DEBUG Tt4b_Pixel_Class::inject_view_content_event: hit ViewContent
2026-05-15T10:17:06+00:00 DEBUG Tt4b_Pixel_Class::inject_view_content_event: Missing option "access_token"
2026-05-15T10:17:52+00:00 DEBUG Tt4b_Pixel_Class::inject_view_content_event: hit ViewContent
2026-05-15T10:17:52+00:00 DEBUG Tt4b_Pixel_Class::inject_view_content_event: Missing option "access_token"
2026-05-15T10:17:55+00:00 DEBUG Tt4b_Pixel_Class::inject_view_content_event: hit ViewContent
2026-05-15T10:17:55+00:00 DEBUG Tt4b_Pixel_Class::inject_view_content_event: Missing option "access_token"
2026-05-15T10:18:24+00:00 DEBUG Tt4b_Pixel_Class::inject_view_content_event: hit ViewContent
2026-05-15T10:18:24+00:00 DEBUG Tt4b_Pixel_Class::inject_view_content_event: Missing option "access_token"
2026-05-15T10:18:29+00:00 DEBUG Tt4b_Pixel_Class::inject_view_content_event: hit ViewContent
2026-05-15T10:18:29+00:00 DEBUG Tt4b_Pixel_Class::inject_view_content_event: Missing option "access_token"
2026-05-15T10:18:31+00:00 DEBUG Tt4b_Pixel_Class::inject_view_content_event: hit ViewContent
2026-05-15T10:18:31+00:00 DEBUG Tt4b_Pixel_Class::inject_view_content_event: Missing option "access_token"
2026-05-15T10:19:11+00:00 DEBUG Tt4b_Pixel_Class::inject_view_content_event: hit ViewContent
2026-05-15T10:19:11+00:00 DEBUG Tt4b_Pixel_Class::inject_view_content_event: Missing option "access_token"
2026-05-15T10:19:14+00:00 DEBUG Tt4b_Pixel_Class::inject_view_content_event: hit ViewContent
2026-05-15T10:19:14+00:00 DEBUG Tt4b_Pixel_Class::inject_view_content_event: Missing option "access_token"
2026-05-15T10:19:16+00:00 DEBUG Tt4b_Pixel_Class::inject_view_content_event: hit ViewContent
2026-05-15T10:19:16+00:00 DEBUG Tt4b_Pixel_Class::inject_view_content_event: Missing option "access_token"
2026-05-15T10:19:44+00:00 DEBUG Tt4b_Pixel_Class::inject_view_content_event: hit ViewContent
2026-05-15T10:19:44+00:00 DEBUG Tt4b_Pixel_Class::inject_view_content_event: Missing option "access_token"
2026-05-15T10:20:39+00:00 DEBUG Tt4b_Pixel_Class::inject_view_content_event: hit ViewContent
2026-05-15T10:20:39+00:00 DEBUG Tt4b_Pixel_Class::inject_view_content_event: Missing option "access_token"
2026-05-15T10:20:41+00:00 DEBUG Tt4b_Pixel_Class::inject_view_content_event: hit ViewContent
2026-05-15T10:20:41+00:00 DEBUG Tt4b_Pixel_Class::inject_view_content_event: Missing option "access_token"
2026-05-15T10:20:47+00:00 DEBUG Tt4b_Pixel_Class::inject_view_content_event: hit ViewContent
2026-05-15T10:20:47+00:00 DEBUG Tt4b_Pixel_Class::inject_view_content_event: Missing option "access_token"
2026-05-15T10:20:49+00:00 DEBUG Tt4b_Pixel_Class::inject_view_content_event: hit ViewContent
2026-05-15T10:20:49+00:00 DEBUG Tt4b_Pixel_Class::inject_view_content_event: Missing option "access_token"
2026-05-15T10:20:51+00:00 DEBUG Tt4b_Pixel_Class::inject_view_content_event: hit ViewContent
2026-05-15T10:20:51+00:00 DEBUG Tt4b_Pixel_Class::inject_view_content_event: Missing option "access_token"
2026-05-15T10:20:56+00:00 DEBUG Tt4b_Pixel_Class::inject_view_content_event: hit ViewContent
2026-05-15T10:20:56+00:00 DEBUG Tt4b_Pixel_Class::inject_view_content_event: Missing option "access_token"
2026-05-15T10:20:59+00:00 DEBUG Tt4b_Pixel_Class::inject_view_content_event: hit ViewContent
2026-05-15T10:20:59+00:00 DEBUG Tt4b_Pixel_Class::inject_view_content_event: Missing option "access_token"
2026-05-15T10:21:01+00:00 DEBUG Tt4b_Pixel_Class::inject_view_content_event: hit ViewContent
2026-05-15T10:21:01+00:00 DEBUG Tt4b_Pixel_Class::inject_view_content_event: Missing option "access_token"
2026-05-15T10:21:05+00:00 DEBUG Tt4b_Pixel_Class::inject_view_content_event: hit ViewContent
2026-05-15T10:21:05+00:00 DEBUG Tt4b_Pixel_Class::inject_view_content_event: Missing option "access_token"
2026-05-15T10:21:22+00:00 DEBUG Tt4b_Pixel_Class::inject_view_content_event: hit ViewContent
2026-05-15T10:21:22+00:00 DEBUG Tt4b_Pixel_Class::inject_view_content_event: Missing option "access_token"
2026-05-15T10:21:31+00:00 DEBUG Tt4b_Pixel_Class::inject_view_content_event: hit ViewContent
2026-05-15T10:21:31+00:00 DEBUG Tt4b_Pixel_Class::inject_view_content_event: Missing option "access_token"
2026-05-15T10:21:35+00:00 DEBUG Tt4b_Pixel_Class::inject_view_content_event: hit ViewContent
2026-05-15T10:21:35+00:00 DEBUG Tt4b_Pixel_Class::inject_view_content_event: Missing option "access_token"
2026-05-15T10:22:06+00:00 DEBUG Tt4b_Pixel_Class::inject_view_content_event: hit ViewContent
2026-05-15T10:22:06+00:00 DEBUG Tt4b_Pixel_Class::inject_view_content_event: Missing option "access_token"
2026-05-15T10:22:09+00:00 DEBUG Tt4b_Pixel_Class::inject_view_content_event: hit ViewContent
2026-05-15T10:22:09+00:00 DEBUG Tt4b_Pixel_Class::inject_view_content_event: Missing option "access_token"
2026-05-15T10:22:42+00:00 DEBUG Tt4b_Pixel_Class::inject_view_content_event: hit ViewContent
2026-05-15T10:22:42+00:00 DEBUG Tt4b_Pixel_Class::inject_view_content_event: Missing option "access_token"
2026-05-15T10:22:44+00:00 DEBUG Tt4b_Pixel_Class::inject_view_content_event: hit ViewContent
2026-05-15T10:22:44+00:00 DEBUG Tt4b_Pixel_Class::inject_view_content_event: Missing option "access_token"
2026-05-15T10:22:47+00:00 DEBUG Tt4b_Pixel_Class::inject_view_content_event: hit ViewContent
2026-05-15T10:22:47+00:00 DEBUG Tt4b_Pixel_Class::inject_view_content_event: Missing option "access_token"
2026-05-15T10:22:50+00:00 DEBUG Tt4b_Pixel_Class::inject_view_content_event: hit ViewContent
2026-05-15T10:22:50+00:00 DEBUG Tt4b_Pixel_Class::inject_view_content_event: Missing option "access_token"
2026-05-15T10:22:53+00:00 DEBUG Tt4b_Pixel_Class::inject_view_content_event: hit ViewContent
2026-05-15T10:22:53+00:00 DEBUG Tt4b_Pixel_Class::inject_view_content_event: Missing option "access_token"
2026-05-15T10:22:55+00:00 DEBUG Tt4b_Pixel_Class::inject_view_content_event: hit ViewContent
2026-05-15T10:22:55+00:00 DEBUG Tt4b_Pixel_Class::inject_view_content_event: Missing option "access_token"
2026-05-15T10:22:58+00:00 DEBUG Tt4b_Pixel_Class::inject_view_content_event: hit ViewContent
2026-05-15T10:22:58+00:00 DEBUG Tt4b_Pixel_Class::inject_view_content_event: Missing option "access_token"
2026-05-15T10:23:13+00:00 DEBUG Tt4b_Pixel_Class::inject_view_content_event: hit ViewContent
2026-05-15T10:23:13+00:00 DEBUG Tt4b_Pixel_Class::inject_view_content_event: Missing option "access_token"
2026-05-15T10:23:45+00:00 DEBUG Tt4b_Pixel_Class::inject_view_content_event: hit ViewContent
2026-05-15T10:23:45+00:00 DEBUG Tt4b_Pixel_Class::inject_view_content_event: Missing option "access_token"
2026-05-15T10:23:48+00:00 DEBUG Tt4b_Pixel_Class::inject_view_content_event: hit ViewContent
2026-05-15T10:23:48+00:00 DEBUG Tt4b_Pixel_Class::inject_view_content_event: Missing option "access_token"
2026-05-15T10:23:52+00:00 DEBUG Tt4b_Pixel_Class::inject_view_content_event: hit ViewContent
2026-05-15T10:23:52+00:00 DEBUG Tt4b_Pixel_Class::inject_view_content_event: Missing option "access_token"
2026-05-15T10:23:54+00:00 DEBUG Tt4b_Pixel_Class::inject_view_content_event: hit ViewContent
2026-05-15T10:23:54+00:00 DEBUG Tt4b_Pixel_Class::inject_view_content_event: Missing option "access_token"
2026-05-15T10:23:57+00:00 DEBUG Tt4b_Pixel_Class::inject_view_content_event: hit ViewContent
2026-05-15T10:23:57+00:00 DEBUG Tt4b_Pixel_Class::inject_view_content_event: Missing option "access_token"
2026-05-15T10:24:25+00:00 DEBUG Tt4b_Pixel_Class::inject_view_content_event: hit ViewContent
2026-05-15T10:24:25+00:00 DEBUG Tt4b_Pixel_Class::inject_view_content_event: Missing option "access_token"
2026-05-15T10:24:33+00:00 DEBUG Tt4b_Pixel_Class::inject_view_content_event: hit ViewContent
2026-05-15T10:24:33+00:00 DEBUG Tt4b_Pixel_Class::inject_view_content_event: Missing option "access_token"
2026-05-15T10:24:36+00:00 DEBUG Tt4b_Pixel_Class::inject_view_content_event: hit ViewContent
2026-05-15T10:24:36+00:00 DEBUG Tt4b_Pixel_Class::inject_view_content_event: Missing option "access_token"
2026-05-15T10:25:01+00:00 DEBUG Tt4b_Pixel_Class::inject_view_content_event: hit ViewContent
2026-05-15T10:25:01+00:00 DEBUG Tt4b_Pixel_Class::inject_view_content_event: Missing option "access_token"
2026-05-15T10:25:06+00:00 DEBUG Tt4b_Pixel_Class::inject_view_content_event: hit ViewContent
2026-05-15T10:25:06+00:00 DEBUG Tt4b_Pixel_Class::inject_view_content_event: Missing option "access_token"
2026-05-15T10:25:09+00:00 DEBUG Tt4b_Pixel_Class::inject_view_content_event: hit ViewContent
2026-05-15T10:25:09+00:00 DEBUG Tt4b_Pixel_Class::inject_view_content_event: Missing option "access_token"
2026-05-15T10:25:14+00:00 DEBUG Tt4b_Pixel_Class::inject_view_content_event: hit ViewContent
2026-05-15T10:25:14+00:00 DEBUG Tt4b_Pixel_Class::inject_view_content_event: Missing option "access_token"
2026-05-15T10:25:16+00:00 DEBUG Tt4b_Pixel_Class::inject_view_content_event: hit ViewContent
2026-05-15T10:25:16+00:00 DEBUG Tt4b_Pixel_Class::inject_view_content_event: Missing option "access_token"
2026-05-15T10:25:19+00:00 DEBUG Tt4b_Pixel_Class::inject_view_content_event: hit ViewContent
2026-05-15T10:25:19+00:00 DEBUG Tt4b_Pixel_Class::inject_view_content_event: Missing option "access_token"
2026-05-15T10:25:22+00:00 DEBUG Tt4b_Pixel_Class::inject_view_content_event: hit ViewContent
2026-05-15T10:25:22+00:00 DEBUG Tt4b_Pixel_Class::inject_view_content_event: Missing option "access_token"
2026-05-15T10:25:25+00:00 DEBUG Tt4b_Pixel_Class::inject_view_content_event: hit ViewContent
2026-05-15T10:25:25+00:00 DEBUG Tt4b_Pixel_Class::inject_view_content_event: Missing option "access_token"
2026-05-15T10:25:27+00:00 DEBUG Tt4b_Pixel_Class::inject_view_content_event: hit ViewContent
2026-05-15T10:25:27+00:00 DEBUG Tt4b_Pixel_Class::inject_view_content_event: Missing option "access_token"
2026-05-15T10:25:30+00:00 DEBUG Tt4b_Pixel_Class::inject_view_content_event: hit ViewContent
2026-05-15T10:25:30+00:00 DEBUG Tt4b_Pixel_Class::inject_view_content_event: Missing option "access_token"
2026-05-15T10:26:38+00:00 DEBUG Tt4b_Pixel_Class::inject_view_content_event: hit ViewContent
2026-05-15T10:26:38+00:00 DEBUG Tt4b_Pixel_Class::inject_view_content_event: Missing option "access_token"
2026-05-15T10:26:41+00:00 DEBUG Tt4b_Pixel_Class::inject_view_content_event: hit ViewContent
2026-05-15T10:26:41+00:00 DEBUG Tt4b_Pixel_Class::inject_view_content_event: Missing option "access_token"
2026-05-15T10:26:43+00:00 DEBUG Tt4b_Pixel_Class::inject_view_content_event: hit ViewContent
2026-05-15T10:26:43+00:00 DEBUG Tt4b_Pixel_Class::inject_view_content_event: Missing option "access_token"
2026-05-15T10:26:46+00:00 DEBUG Tt4b_Pixel_Class::inject_view_content_event: hit ViewContent
2026-05-15T10:26:46+00:00 DEBUG Tt4b_Pixel_Class::inject_view_content_event: Missing option "access_token"
2026-05-15T10:26:49+00:00 DEBUG Tt4b_Pixel_Class::inject_view_content_event: hit ViewContent
2026-05-15T10:26:49+00:00 DEBUG Tt4b_Pixel_Class::inject_view_content_event: Missing option "access_token"
2026-05-15T10:26:51+00:00 DEBUG Tt4b_Pixel_Class::inject_view_content_event: hit ViewContent
2026-05-15T10:26:51+00:00 DEBUG Tt4b_Pixel_Class::inject_view_content_event: Missing option "access_token"
2026-05-15T10:26:54+00:00 DEBUG Tt4b_Pixel_Class::inject_view_content_event: hit ViewContent
2026-05-15T10:26:54+00:00 DEBUG Tt4b_Pixel_Class::inject_view_content_event: Missing option "access_token"
2026-05-15T10:26:57+00:00 DEBUG Tt4b_Pixel_Class::inject_view_content_event: hit ViewContent
2026-05-15T10:26:57+00:00 DEBUG Tt4b_Pixel_Class::inject_view_content_event: Missing option "access_token"
2026-05-15T10:27:00+00:00 DEBUG Tt4b_Pixel_Class::inject_view_content_event: hit ViewContent
2026-05-15T10:27:00+00:00 DEBUG Tt4b_Pixel_Class::inject_view_content_event: Missing option "access_token"
2026-05-15T10:27:16+00:00 DEBUG Tt4b_Pixel_Class::inject_view_content_event: hit ViewContent
2026-05-15T10:27:16+00:00 DEBUG Tt4b_Pixel_Class::inject_view_content_event: Missing option "access_token"
2026-05-15T10:27:44+00:00 DEBUG Tt4b_Pixel_Class::inject_view_content_event: hit ViewContent
2026-05-15T10:27:44+00:00 DEBUG Tt4b_Pixel_Class::inject_view_content_event: Missing option "access_token"
2026-05-15T10:27:47+00:00 DEBUG Tt4b_Pixel_Class::inject_view_content_event: hit ViewContent
2026-05-15T10:27:47+00:00 DEBUG Tt4b_Pixel_Class::inject_view_content_event: Missing option "access_token"
2026-05-15T10:27:50+00:00 DEBUG Tt4b_Pixel_Class::inject_view_content_event: hit ViewContent
2026-05-15T10:27:50+00:00 DEBUG Tt4b_Pixel_Class::inject_view_content_event: Missing option "access_token"
2026-05-15T10:27:53+00:00 DEBUG Tt4b_Pixel_Class::inject_view_content_event: hit ViewContent
2026-05-15T10:27:53+00:00 DEBUG Tt4b_Pixel_Class::inject_view_content_event: Missing option "access_token"
2026-05-15T10:27:55+00:00 DEBUG Tt4b_Pixel_Class::inject_view_content_event: hit ViewContent
2026-05-15T10:27:55+00:00 DEBUG Tt4b_Pixel_Class::inject_view_content_event: Missing option "access_token"
2026-05-15T10:28:06+00:00 DEBUG Tt4b_Pixel_Class::inject_view_content_event: hit ViewContent
2026-05-15T10:28:06+00:00 DEBUG Tt4b_Pixel_Class::inject_view_content_event: Missing option "access_token"
2026-05-15T10:28:36+00:00 DEBUG Tt4b_Pixel_Class::inject_view_content_event: hit ViewContent
2026-05-15T10:28:36+00:00 DEBUG Tt4b_Pixel_Class::inject_view_content_event: Missing option "access_token"
2026-05-15T10:28:52+00:00 DEBUG Tt4b_Pixel_Class::inject_view_content_event: hit ViewContent
2026-05-15T10:28:52+00:00 DEBUG Tt4b_Pixel_Class::inject_view_content_event: Missing option "access_token"
2026-05-15T10:28:55+00:00 DEBUG Tt4b_Pixel_Class::inject_view_content_event: hit ViewContent
2026-05-15T10:28:55+00:00 DEBUG Tt4b_Pixel_Class::inject_view_content_event: Missing option "access_token"
2026-05-15T10:28:57+00:00 DEBUG Tt4b_Pixel_Class::inject_view_content_event: hit ViewContent
2026-05-15T10:28:57+00:00 DEBUG Tt4b_Pixel_Class::inject_view_content_event: Missing option "access_token"
2026-05-15T10:28:59+00:00 DEBUG Tt4b_Pixel_Class::inject_view_content_event: hit ViewContent
2026-05-15T10:28:59+00:00 DEBUG Tt4b_Pixel_Class::inject_view_content_event: Missing option "access_token"
2026-05-15T10:29:02+00:00 DEBUG Tt4b_Pixel_Class::inject_view_content_event: hit ViewContent
2026-05-15T10:29:02+00:00 DEBUG Tt4b_Pixel_Class::inject_view_content_event: Missing option "access_token"
2026-05-15T10:29:08+00:00 DEBUG Tt4b_Pixel_Class::inject_view_content_event: hit ViewContent
2026-05-15T10:29:08+00:00 DEBUG Tt4b_Pixel_Class::inject_view_content_event: Missing option "access_token"
2026-05-15T10:29:28+00:00 DEBUG Tt4b_Pixel_Class::inject_view_content_event: hit ViewContent
2026-05-15T10:29:28+00:00 DEBUG Tt4b_Pixel_Class::inject_view_content_event: Missing option "access_token"
2026-05-15T10:29:38+00:00 DEBUG Tt4b_Pixel_Class::inject_view_content_event: hit ViewContent
2026-05-15T10:29:38+00:00 DEBUG Tt4b_Pixel_Class::inject_view_content_event: Missing option "access_token"
2026-05-15T10:29:42+00:00 DEBUG Tt4b_Pixel_Class::inject_view_content_event: hit ViewContent
2026-05-15T10:29:42+00:00 DEBUG Tt4b_Pixel_Class::inject_view_content_event: Missing option "access_token"
2026-05-15T10:30:02+00:00 DEBUG Tt4b_Pixel_Class::inject_view_content_event: hit ViewContent
2026-05-15T10:30:02+00:00 DEBUG Tt4b_Pixel_Class::inject_view_content_event: Missing option "access_token"
2026-05-15T10:30:07+00:00 DEBUG Tt4b_Pixel_Class::inject_view_content_event: hit ViewContent
2026-05-15T10:30:07+00:00 DEBUG Tt4b_Pixel_Class::inject_view_content_event: Missing option "access_token"
2026-05-15T10:30:10+00:00 DEBUG Tt4b_Pixel_Class::inject_view_content_event: hit ViewContent
2026-05-15T10:30:10+00:00 DEBUG Tt4b_Pixel_Class::inject_view_content_event: Missing option "access_token"
2026-05-15T10:30:12+00:00 DEBUG Tt4b_Pixel_Class::inject_view_content_event: hit ViewContent
2026-05-15T10:30:12+00:00 DEBUG Tt4b_Pixel_Class::inject_view_content_event: Missing option "access_token"
2026-05-15T10:30:50+00:00 DEBUG Tt4b_Pixel_Class::inject_view_content_event: hit ViewContent
2026-05-15T10:30:50+00:00 DEBUG Tt4b_Pixel_Class::inject_view_content_event: Missing option "access_token"
2026-05-15T10:30:53+00:00 DEBUG Tt4b_Pixel_Class::inject_view_content_event: hit ViewContent
2026-05-15T10:30:53+00:00 DEBUG Tt4b_Pixel_Class::inject_view_content_event: Missing option "access_token"
2026-05-15T10:30:56+00:00 DEBUG Tt4b_Pixel_Class::inject_view_content_event: hit ViewContent
2026-05-15T10:30:56+00:00 DEBUG Tt4b_Pixel_Class::inject_view_content_event: Missing option "access_token"
2026-05-15T10:30:59+00:00 DEBUG Tt4b_Pixel_Class::inject_view_content_event: hit ViewContent
2026-05-15T10:30:59+00:00 DEBUG Tt4b_Pixel_Class::inject_view_content_event: Missing option "access_token"
2026-05-15T10:31:12+00:00 DEBUG Tt4b_Pixel_Class::inject_view_content_event: hit ViewContent
2026-05-15T10:31:12+00:00 DEBUG Tt4b_Pixel_Class::inject_view_content_event: Missing option "access_token"
2026-05-15T10:31:15+00:00 DEBUG Tt4b_Pixel_Class::inject_view_content_event: hit ViewContent
2026-05-15T10:31:15+00:00 DEBUG Tt4b_Pixel_Class::inject_view_content_event: Missing option "access_token"
2026-05-15T10:31:18+00:00 DEBUG Tt4b_Pixel_Class::inject_view_content_event: hit ViewContent
2026-05-15T10:31:18+00:00 DEBUG Tt4b_Pixel_Class::inject_view_content_event: Missing option "access_token"
2026-05-15T10:31:21+00:00 DEBUG Tt4b_Pixel_Class::inject_view_content_event: hit ViewContent
2026-05-15T10:31:21+00:00 DEBUG Tt4b_Pixel_Class::inject_view_content_event: Missing option "access_token"
2026-05-15T10:32:00+00:00 DEBUG Tt4b_Pixel_Class::inject_view_content_event: hit ViewContent
2026-05-15T10:32:00+00:00 DEBUG Tt4b_Pixel_Class::inject_view_content_event: Missing option "access_token"
2026-05-15T10:32:03+00:00 DEBUG Tt4b_Pixel_Class::inject_view_content_event: hit ViewContent
2026-05-15T10:32:03+00:00 DEBUG Tt4b_Pixel_Class::inject_view_content_event: Missing option "access_token"
2026-05-15T10:32:08+00:00 DEBUG Tt4b_Pixel_Class::inject_view_content_event: hit ViewContent
2026-05-15T10:32:08+00:00 DEBUG Tt4b_Pixel_Class::inject_view_content_event: Missing option "access_token"
2026-05-15T10:32:20+00:00 DEBUG Tt4b_Pixel_Class::inject_view_content_event: hit ViewContent
2026-05-15T10:32:20+00:00 DEBUG Tt4b_Pixel_Class::inject_view_content_event: Missing option "access_token"
2026-05-15T10:32:22+00:00 DEBUG Tt4b_Pixel_Class::inject_view_content_event: hit ViewContent
2026-05-15T10:32:22+00:00 DEBUG Tt4b_Pixel_Class::inject_view_content_event: Missing option "access_token"
2026-05-15T10:32:25+00:00 DEBUG Tt4b_Pixel_Class::inject_view_content_event: hit ViewContent
2026-05-15T10:32:25+00:00 DEBUG Tt4b_Pixel_Class::inject_view_content_event: Missing option "access_token"
2026-05-15T10:32:27+00:00 DEBUG Tt4b_Pixel_Class::inject_view_content_event: hit ViewContent
2026-05-15T10:32:27+00:00 DEBUG Tt4b_Pixel_Class::inject_view_content_event: Missing option "access_token"
2026-05-15T10:32:30+00:00 DEBUG Tt4b_Pixel_Class::inject_view_content_event: hit ViewContent
2026-05-15T10:32:30+00:00 DEBUG Tt4b_Pixel_Class::inject_view_content_event: Missing option "access_token"
2026-05-15T10:33:14+00:00 DEBUG Tt4b_Pixel_Class::inject_view_content_event: hit ViewContent
2026-05-15T10:33:14+00:00 DEBUG Tt4b_Pixel_Class::inject_view_content_event: Missing option "access_token"
2026-05-15T10:33:19+00:00 DEBUG Tt4b_Pixel_Class::inject_view_content_event: hit ViewContent
2026-05-15T10:33:19+00:00 DEBUG Tt4b_Pixel_Class::inject_view_content_event: Missing option "access_token"
2026-05-15T10:33:33+00:00 DEBUG Tt4b_Pixel_Class::inject_view_content_event: hit ViewContent
2026-05-15T10:33:33+00:00 DEBUG Tt4b_Pixel_Class::inject_view_content_event: Missing option "access_token"
2026-05-15T10:33:37+00:00 DEBUG Tt4b_Pixel_Class::inject_view_content_event: hit ViewContent
2026-05-15T10:33:37+00:00 DEBUG Tt4b_Pixel_Class::inject_view_content_event: Missing option "access_token"
2026-05-15T10:34:22+00:00 DEBUG Tt4b_Pixel_Class::inject_view_content_event: hit ViewContent
2026-05-15T10:34:22+00:00 DEBUG Tt4b_Pixel_Class::inject_view_content_event: Missing option "access_token"
2026-05-15T10:34:24+00:00 DEBUG Tt4b_Pixel_Class::inject_view_content_event: hit ViewContent
2026-05-15T10:34:25+00:00 DEBUG Tt4b_Pixel_Class::inject_view_content_event: Missing option "access_token"
2026-05-15T10:34:27+00:00 DEBUG Tt4b_Pixel_Class::inject_view_content_event: hit ViewContent
2026-05-15T10:34:27+00:00 DEBUG Tt4b_Pixel_Class::inject_view_content_event: Missing option "access_token"
2026-05-15T10:34:34+00:00 DEBUG Tt4b_Pixel_Class::inject_view_content_event: hit ViewContent
2026-05-15T10:34:35+00:00 DEBUG Tt4b_Pixel_Class::inject_view_content_event: Missing option "access_token"
2026-05-15T10:34:37+00:00 DEBUG Tt4b_Pixel_Class::inject_view_content_event: hit ViewContent
2026-05-15T10:34:37+00:00 DEBUG Tt4b_Pixel_Class::inject_view_content_event: Missing option "access_token"
2026-05-15T10:34:43+00:00 DEBUG Tt4b_Pixel_Class::inject_view_content_event: hit ViewContent
2026-05-15T10:34:43+00:00 DEBUG Tt4b_Pixel_Class::inject_view_content_event: Missing option "access_token"
2026-05-15T10:34:45+00:00 DEBUG Tt4b_Pixel_Class::inject_view_content_event: hit ViewContent
2026-05-15T10:34:45+00:00 DEBUG Tt4b_Pixel_Class::inject_view_content_event: Missing option "access_token"
2026-05-15T10:34:48+00:00 DEBUG Tt4b_Pixel_Class::inject_view_content_event: hit ViewContent
2026-05-15T10:34:48+00:00 DEBUG Tt4b_Pixel_Class::inject_view_content_event: Missing option "access_token"
2026-05-15T10:34:57+00:00 DEBUG Tt4b_Pixel_Class::inject_view_content_event: hit ViewContent
2026-05-15T10:34:57+00:00 DEBUG Tt4b_Pixel_Class::inject_view_content_event: Missing option "access_token"
2026-05-15T10:35:49+00:00 DEBUG Tt4b_Pixel_Class::inject_view_content_event: hit ViewContent
2026-05-15T10:35:49+00:00 DEBUG Tt4b_Pixel_Class::inject_view_content_event: Missing option "access_token"
2026-05-15T10:35:52+00:00 DEBUG Tt4b_Pixel_Class::inject_view_content_event: hit ViewContent
2026-05-15T10:35:52+00:00 DEBUG Tt4b_Pixel_Class::inject_view_content_event: Missing option "access_token"
2026-05-15T10:35:56+00:00 DEBUG Tt4b_Pixel_Class::inject_view_content_event: hit ViewContent
2026-05-15T10:35:56+00:00 DEBUG Tt4b_Pixel_Class::inject_view_content_event: Missing option "access_token"
2026-05-15T10:36:02+00:00 DEBUG Tt4b_Pixel_Class::inject_view_content_event: hit ViewContent
2026-05-15T10:36:02+00:00 DEBUG Tt4b_Pixel_Class::inject_view_content_event: Missing option "access_token"
2026-05-15T10:36:05+00:00 DEBUG Tt4b_Pixel_Class::inject_view_content_event: hit ViewContent
2026-05-15T10:36:05+00:00 DEBUG Tt4b_Pixel_Class::inject_view_content_event: Missing option "access_token"
2026-05-15T10:36:08+00:00 DEBUG Tt4b_Pixel_Class::inject_view_content_event: hit ViewContent
2026-05-15T10:36:08+00:00 DEBUG Tt4b_Pixel_Class::inject_view_content_event: Missing option "access_token"
2026-05-15T10:36:50+00:00 DEBUG Tt4b_Pixel_Class::inject_view_content_event: hit ViewContent
2026-05-15T10:36:50+00:00 DEBUG Tt4b_Pixel_Class::inject_view_content_event: Missing option "access_token"
2026-05-15T10:36:57+00:00 DEBUG Tt4b_Pixel_Class::inject_view_content_event: hit ViewContent
2026-05-15T10:36:57+00:00 DEBUG Tt4b_Pixel_Class::inject_view_content_event: Missing option "access_token"
2026-05-15T10:37:00+00:00 DEBUG Tt4b_Pixel_Class::inject_view_content_event: hit ViewContent
2026-05-15T10:37:00+00:00 DEBUG Tt4b_Pixel_Class::inject_view_content_event: Missing option "access_token"
2026-05-15T10:37:02+00:00 DEBUG Tt4b_Pixel_Class::inject_view_content_event: hit ViewContent
2026-05-15T10:37:02+00:00 DEBUG Tt4b_Pixel_Class::inject_view_content_event: Missing option "access_token"
2026-05-15T10:37:07+00:00 DEBUG Tt4b_Pixel_Class::inject_view_content_event: hit ViewContent
2026-05-15T10:37:07+00:00 DEBUG Tt4b_Pixel_Class::inject_view_content_event: Missing option "access_token"
2026-05-15T10:37:09+00:00 DEBUG Tt4b_Pixel_Class::inject_view_content_event: hit ViewContent
2026-05-15T10:37:09+00:00 DEBUG Tt4b_Pixel_Class::inject_view_content_event: Missing option "access_token"
2026-05-15T10:37:12+00:00 DEBUG Tt4b_Pixel_Class::inject_view_content_event: hit ViewContent
2026-05-15T10:37:12+00:00 DEBUG Tt4b_Pixel_Class::inject_view_content_event: Missing option "access_token"
2026-05-15T10:37:17+00:00 DEBUG Tt4b_Pixel_Class::inject_view_content_event: hit ViewContent
2026-05-15T10:37:17+00:00 DEBUG Tt4b_Pixel_Class::inject_view_content_event: Missing option "access_token"
2026-05-15T10:37:55+00:00 DEBUG Tt4b_Pixel_Class::inject_view_content_event: hit ViewContent
2026-05-15T10:37:55+00:00 DEBUG Tt4b_Pixel_Class::inject_view_content_event: Missing option "access_token"
2026-05-15T10:38:13+00:00 DEBUG Tt4b_Pixel_Class::inject_view_content_event: hit ViewContent
2026-05-15T10:38:13+00:00 DEBUG Tt4b_Pixel_Class::inject_view_content_event: Missing option "access_token"
2026-05-15T10:39:12+00:00 DEBUG Tt4b_Pixel_Class::inject_view_content_event: hit ViewContent
2026-05-15T10:39:12+00:00 DEBUG Tt4b_Pixel_Class::inject_view_content_event: Missing option "access_token"
2026-05-15T10:39:15+00:00 DEBUG Tt4b_Pixel_Class::inject_view_content_event: hit ViewContent
2026-05-15T10:39:15+00:00 DEBUG Tt4b_Pixel_Class::inject_view_content_event: Missing option "access_token"
2026-05-15T10:39:19+00:00 DEBUG Tt4b_Pixel_Class::inject_view_content_event: hit ViewContent
2026-05-15T10:39:19+00:00 DEBUG Tt4b_Pixel_Class::inject_view_content_event: Missing option "access_token"
2026-05-15T10:39:22+00:00 DEBUG Tt4b_Pixel_Class::inject_view_content_event: hit ViewContent
2026-05-15T10:39:22+00:00 DEBUG Tt4b_Pixel_Class::inject_view_content_event: Missing option "access_token"
2026-05-15T10:39:27+00:00 DEBUG Tt4b_Pixel_Class::inject_view_content_event: hit ViewContent
2026-05-15T10:39:27+00:00 DEBUG Tt4b_Pixel_Class::inject_view_content_event: Missing option "access_token"
2026-05-15T10:39:43+00:00 DEBUG Tt4b_Pixel_Class::inject_view_content_event: hit ViewContent
2026-05-15T10:39:43+00:00 DEBUG Tt4b_Pixel_Class::inject_view_content_event: Missing option "access_token"
2026-05-15T10:40:14+00:00 DEBUG Tt4b_Pixel_Class::inject_view_content_event: hit ViewContent
2026-05-15T10:40:14+00:00 DEBUG Tt4b_Pixel_Class::inject_view_content_event: Missing option "access_token"
2026-05-15T10:40:19+00:00 DEBUG Tt4b_Pixel_Class::inject_view_content_event: hit ViewContent
2026-05-15T10:40:19+00:00 DEBUG Tt4b_Pixel_Class::inject_view_content_event: Missing option "access_token"
2026-05-15T10:40:25+00:00 DEBUG Tt4b_Pixel_Class::inject_view_content_event: hit ViewContent
2026-05-15T10:40:25+00:00 DEBUG Tt4b_Pixel_Class::inject_view_content_event: Missing option "access_token"
2026-05-15T10:41:32+00:00 DEBUG Tt4b_Pixel_Class::inject_view_content_event: hit ViewContent
2026-05-15T10:41:32+00:00 DEBUG Tt4b_Pixel_Class::inject_view_content_event: Missing option "access_token"
2026-05-15T10:41:35+00:00 DEBUG Tt4b_Pixel_Class::inject_view_content_event: hit ViewContent
2026-05-15T10:41:35+00:00 DEBUG Tt4b_Pixel_Class::inject_view_content_event: Missing option "access_token"
2026-05-15T10:42:00+00:00 DEBUG Tt4b_Pixel_Class::inject_view_content_event: hit ViewContent
2026-05-15T10:42:00+00:00 DEBUG Tt4b_Pixel_Class::inject_view_content_event: Missing option "access_token"
2026-05-15T10:42:13+00:00 DEBUG Tt4b_Pixel_Class::inject_view_content_event: hit ViewContent
2026-05-15T10:42:13+00:00 DEBUG Tt4b_Pixel_Class::inject_view_content_event: Missing option "access_token"
2026-05-15T10:42:19+00:00 DEBUG Tt4b_Pixel_Class::inject_view_content_event: hit ViewContent
2026-05-15T10:42:19+00:00 DEBUG Tt4b_Pixel_Class::inject_view_content_event: Missing option "access_token"
2026-05-15T10:42:22+00:00 DEBUG Tt4b_Pixel_Class::inject_view_content_event: hit ViewContent
2026-05-15T10:42:22+00:00 DEBUG Tt4b_Pixel_Class::inject_view_content_event: Missing option "access_token"
2026-05-15T10:42:32+00:00 DEBUG Tt4b_Pixel_Class::inject_view_content_event: hit ViewContent
2026-05-15T10:42:32+00:00 DEBUG Tt4b_Pixel_Class::inject_view_content_event: Missing option "access_token"
2026-05-15T10:43:28+00:00 DEBUG Tt4b_Pixel_Class::inject_view_content_event: hit ViewContent
2026-05-15T10:43:28+00:00 DEBUG Tt4b_Pixel_Class::inject_view_content_event: Missing option "access_token"
2026-05-15T10:43:44+00:00 DEBUG Tt4b_Pixel_Class::inject_view_content_event: hit ViewContent
2026-05-15T10:43:44+00:00 DEBUG Tt4b_Pixel_Class::inject_view_content_event: Missing option "access_token"
2026-05-15T10:43:51+00:00 DEBUG Tt4b_Pixel_Class::inject_view_content_event: hit ViewContent
2026-05-15T10:43:51+00:00 DEBUG Tt4b_Pixel_Class::inject_view_content_event: Missing option "access_token"
2026-05-15T10:43:54+00:00 DEBUG Tt4b_Pixel_Class::inject_view_content_event: hit ViewContent
2026-05-15T10:43:54+00:00 DEBUG Tt4b_Pixel_Class::inject_view_content_event: Missing option "access_token"
2026-05-15T10:44:00+00:00 DEBUG Tt4b_Pixel_Class::inject_view_content_event: hit ViewContent
2026-05-15T10:44:00+00:00 DEBUG Tt4b_Pixel_Class::inject_view_content_event: Missing option "access_token"
2026-05-15T10:44:23+00:00 DEBUG Tt4b_Pixel_Class::inject_view_content_event: hit ViewContent
2026-05-15T10:44:23+00:00 DEBUG Tt4b_Pixel_Class::inject_view_content_event: Missing option "access_token"
2026-05-15T10:45:07+00:00 DEBUG Tt4b_Pixel_Class::inject_view_content_event: hit ViewContent
2026-05-15T10:45:07+00:00 DEBUG Tt4b_Pixel_Class::inject_view_content_event: Missing option "access_token"
2026-05-15T10:45:10+00:00 DEBUG Tt4b_Pixel_Class::inject_view_content_event: hit ViewContent
2026-05-15T10:45:10+00:00 DEBUG Tt4b_Pixel_Class::inject_view_content_event: Missing option "access_token"
2026-05-15T10:45:16+00:00 DEBUG Tt4b_Pixel_Class::inject_view_content_event: hit ViewContent
2026-05-15T10:45:16+00:00 DEBUG Tt4b_Pixel_Class::inject_view_content_event: Missing option "access_token"
2026-05-15T10:45:19+00:00 DEBUG Tt4b_Pixel_Class::inject_view_content_event: hit ViewContent
2026-05-15T10:45:19+00:00 DEBUG Tt4b_Pixel_Class::inject_view_content_event: Missing option "access_token"
2026-05-15T10:45:27+00:00 DEBUG Tt4b_Pixel_Class::inject_view_content_event: hit ViewContent
2026-05-15T10:45:27+00:00 DEBUG Tt4b_Pixel_Class::inject_view_content_event: Missing option "access_token"
2026-05-15T10:45:30+00:00 DEBUG Tt4b_Pixel_Class::inject_view_content_event: hit ViewContent
2026-05-15T10:45:30+00:00 DEBUG Tt4b_Pixel_Class::inject_view_content_event: Missing option "access_token"
2026-05-15T10:45:33+00:00 DEBUG Tt4b_Pixel_Class::inject_view_content_event: hit ViewContent
2026-05-15T10:45:33+00:00 DEBUG Tt4b_Pixel_Class::inject_view_content_event: Missing option "access_token"
2026-05-15T10:45:36+00:00 DEBUG Tt4b_Pixel_Class::inject_view_content_event: hit ViewContent
2026-05-15T10:45:36+00:00 DEBUG Tt4b_Pixel_Class::inject_view_content_event: Missing option "access_token"
2026-05-15T10:45:41+00:00 DEBUG Tt4b_Pixel_Class::inject_view_content_event: hit ViewContent
2026-05-15T10:45:41+00:00 DEBUG Tt4b_Pixel_Class::inject_view_content_event: Missing option "access_token"
2026-05-15T10:45:44+00:00 DEBUG Tt4b_Pixel_Class::inject_view_content_event: hit ViewContent
2026-05-15T10:45:44+00:00 DEBUG Tt4b_Pixel_Class::inject_view_content_event: Missing option "access_token"
2026-05-15T10:46:18+00:00 DEBUG Tt4b_Pixel_Class::inject_view_content_event: hit ViewContent
2026-05-15T10:46:18+00:00 DEBUG Tt4b_Pixel_Class::inject_view_content_event: Missing option "access_token"
2026-05-15T10:46:58+00:00 DEBUG Tt4b_Pixel_Class::inject_view_content_event: hit ViewContent
2026-05-15T10:46:58+00:00 DEBUG Tt4b_Pixel_Class::inject_view_content_event: Missing option "access_token"
2026-05-15T10:47:10+00:00 DEBUG Tt4b_Pixel_Class::inject_view_content_event: hit ViewContent
2026-05-15T10:47:10+00:00 DEBUG Tt4b_Pixel_Class::inject_view_content_event: Missing option "access_token"
2026-05-15T10:48:00+00:00 DEBUG Tt4b_Pixel_Class::inject_view_content_event: hit ViewContent
2026-05-15T10:48:00+00:00 DEBUG Tt4b_Pixel_Class::inject_view_content_event: Missing option "access_token"
2026-05-15T10:48:03+00:00 DEBUG Tt4b_Pixel_Class::inject_view_content_event: hit ViewContent
2026-05-15T10:48:03+00:00 DEBUG Tt4b_Pixel_Class::inject_view_content_event: Missing option "access_token"
2026-05-15T10:49:14+00:00 DEBUG Tt4b_Pixel_Class::inject_view_content_event: hit ViewContent
2026-05-15T10:49:14+00:00 DEBUG Tt4b_Pixel_Class::inject_view_content_event: Missing option "access_token"
2026-05-15T10:49:17+00:00 DEBUG Tt4b_Pixel_Class::inject_view_content_event: hit ViewContent
2026-05-15T10:49:17+00:00 DEBUG Tt4b_Pixel_Class::inject_view_content_event: Missing option "access_token"
2026-05-15T10:49:24+00:00 DEBUG Tt4b_Pixel_Class::inject_view_content_event: hit ViewContent
2026-05-15T10:49:24+00:00 DEBUG Tt4b_Pixel_Class::inject_view_content_event: Missing option "access_token"
2026-05-15T10:49:26+00:00 DEBUG Tt4b_Pixel_Class::inject_view_content_event: hit ViewContent
2026-05-15T10:49:26+00:00 DEBUG Tt4b_Pixel_Class::inject_view_content_event: Missing option "access_token"
2026-05-15T10:49:34+00:00 DEBUG Tt4b_Pixel_Class::inject_view_content_event: hit ViewContent
2026-05-15T10:49:34+00:00 DEBUG Tt4b_Pixel_Class::inject_view_content_event: Missing option "access_token"
2026-05-15T10:49:39+00:00 DEBUG Tt4b_Pixel_Class::inject_view_content_event: hit ViewContent
2026-05-15T10:49:39+00:00 DEBUG Tt4b_Pixel_Class::inject_view_content_event: Missing option "access_token"
2026-05-15T10:49:41+00:00 DEBUG Tt4b_Pixel_Class::inject_view_content_event: hit ViewContent
2026-05-15T10:49:41+00:00 DEBUG Tt4b_Pixel_Class::inject_view_content_event: Missing option "access_token"
2026-05-15T10:49:44+00:00 DEBUG Tt4b_Pixel_Class::inject_view_content_event: hit ViewContent
2026-05-15T10:49:44+00:00 DEBUG Tt4b_Pixel_Class::inject_view_content_event: Missing option "access_token"
2026-05-15T10:49:47+00:00 DEBUG Tt4b_Pixel_Class::inject_view_content_event: hit ViewContent
2026-05-15T10:49:47+00:00 DEBUG Tt4b_Pixel_Class::inject_view_content_event: Missing option "access_token"
2026-05-15T10:49:50+00:00 DEBUG Tt4b_Pixel_Class::inject_view_content_event: hit ViewContent
2026-05-15T10:49:50+00:00 DEBUG Tt4b_Pixel_Class::inject_view_content_event: Missing option "access_token"
2026-05-15T10:49:53+00:00 DEBUG Tt4b_Pixel_Class::inject_view_content_event: hit ViewContent
2026-05-15T10:49:53+00:00 DEBUG Tt4b_Pixel_Class::inject_view_content_event: Missing option "access_token"
2026-05-15T10:49:58+00:00 DEBUG Tt4b_Pixel_Class::inject_view_content_event: hit ViewContent
2026-05-15T10:49:58+00:00 DEBUG Tt4b_Pixel_Class::inject_view_content_event: Missing option "access_token"
2026-05-15T10:50:01+00:00 DEBUG Tt4b_Pixel_Class::inject_view_content_event: hit ViewContent
2026-05-15T10:50:01+00:00 DEBUG Tt4b_Pixel_Class::inject_view_content_event: Missing option "access_token"
2026-05-15T10:50:59+00:00 DEBUG Tt4b_Pixel_Class::inject_view_content_event: hit ViewContent
2026-05-15T10:50:59+00:00 DEBUG Tt4b_Pixel_Class::inject_view_content_event: Missing option "access_token"
2026-05-15T10:51:04+00:00 DEBUG Tt4b_Pixel_Class::inject_view_content_event: hit ViewContent
2026-05-15T10:51:04+00:00 DEBUG Tt4b_Pixel_Class::inject_view_content_event: Missing option "access_token"
2026-05-15T10:51:06+00:00 DEBUG Tt4b_Pixel_Class::inject_view_content_event: hit ViewContent
2026-05-15T10:51:06+00:00 DEBUG Tt4b_Pixel_Class::inject_view_content_event: Missing option "access_token"
2026-05-15T10:51:21+00:00 DEBUG Tt4b_Pixel_Class::inject_view_content_event: hit ViewContent
2026-05-15T10:51:21+00:00 DEBUG Tt4b_Pixel_Class::inject_view_content_event: Missing option "access_token"
2026-05-15T10:51:27+00:00 DEBUG Tt4b_Pixel_Class::inject_view_content_event: hit ViewContent
2026-05-15T10:51:27+00:00 DEBUG Tt4b_Pixel_Class::inject_view_content_event: Missing option "access_token"
2026-05-15T10:51:31+00:00 DEBUG Tt4b_Pixel_Class::inject_view_content_event: hit ViewContent
2026-05-15T10:51:31+00:00 DEBUG Tt4b_Pixel_Class::inject_view_content_event: Missing option "access_token"
2026-05-15T10:51:38+00:00 DEBUG Tt4b_Pixel_Class::inject_view_content_event: hit ViewContent
2026-05-15T10:51:38+00:00 DEBUG Tt4b_Pixel_Class::inject_view_content_event: Missing option "access_token"
2026-05-15T10:52:31+00:00 DEBUG Tt4b_Pixel_Class::inject_view_content_event: hit ViewContent
2026-05-15T10:52:31+00:00 DEBUG Tt4b_Pixel_Class::inject_view_content_event: Missing option "access_token"
2026-05-15T12:08:38+00:00 DEBUG Tt4b_Pixel_Class::inject_view_content_event: hit ViewContent
2026-05-15T12:08:38+00:00 DEBUG Tt4b_Pixel_Class::inject_view_content_event: Missing option "access_token"
2026-05-15T12:08:41+00:00 DEBUG Tt4b_Pixel_Class::inject_view_content_event: hit ViewContent
2026-05-15T12:08:41+00:00 DEBUG Tt4b_Pixel_Class::inject_view_content_event: Missing option "access_token"
2026-05-15T12:09:05+00:00 DEBUG Tt4b_Pixel_Class::inject_view_content_event: hit ViewContent
2026-05-15T12:09:05+00:00 DEBUG Tt4b_Pixel_Class::inject_view_content_event: Missing option "access_token"
2026-05-15T12:09:19+00:00 DEBUG Tt4b_Pixel_Class::inject_view_content_event: hit ViewContent
2026-05-15T12:09:19+00:00 DEBUG Tt4b_Pixel_Class::inject_view_content_event: Missing option "access_token"
2026-05-15T12:57:13+00:00 DEBUG Tt4b_Pixel_Class::inject_initiate_checkout_event: hit InitiateCheckout
2026-05-15T12:57:13+00:00 DEBUG Tt4b_Pixel_Class::inject_initiate_checkout_event: Missing option "access_token"
2026-05-15T12:58:02+00:00 DEBUG Tt4b_Pixel_Class::inject_add_to_cart_event: hit AddToCart
2026-05-15T12:58:02+00:00 DEBUG Tt4b_Pixel_Class::inject_add_to_cart_event: Missing option "access_token"
2026-05-15T12:58:05+00:00 DEBUG Tt4b_Pixel_Class::inject_view_content_event: hit ViewContent
2026-05-15T12:58:05+00:00 DEBUG Tt4b_Pixel_Class::inject_view_content_event: Missing option "access_token"
2026-05-15T13:02:44+00:00 DEBUG Tt4b_Pixel_Class::inject_initiate_checkout_event: hit InitiateCheckout
2026-05-15T13:02:44+00:00 DEBUG Tt4b_Pixel_Class::inject_initiate_checkout_event: Missing option "access_token"
2026-05-15T13:03:35+00:00 DEBUG Tt4b_Pixel_Class::inject_purchase_event: hit Purchase
2026-05-15T13:03:35+00:00 DEBUG Tt4b_Pixel_Class::inject_purchase_event: Missing option "access_token"
2026-05-15T13:04:38+00:00 DEBUG Tt4b_Pixel_Class::inject_view_content_event: hit ViewContent
2026-05-15T13:04:38+00:00 DEBUG Tt4b_Pixel_Class::inject_view_content_event: Missing option "access_token"
2026-05-15T13:04:43+00:00 DEBUG Tt4b_Pixel_Class::inject_view_content_event: hit ViewContent
2026-05-15T13:04:43+00:00 DEBUG Tt4b_Pixel_Class::inject_view_content_event: Missing option "access_token"
2026-05-15T13:04:48+00:00 DEBUG Tt4b_Pixel_Class::inject_view_content_event: hit ViewContent
2026-05-15T13:04:48+00:00 DEBUG Tt4b_Pixel_Class::inject_view_content_event: Missing option "access_token"
2026-05-15T13:05:21+00:00 DEBUG Tt4b_Pixel_Class::inject_view_content_event: hit ViewContent
2026-05-15T13:05:21+00:00 DEBUG Tt4b_Pixel_Class::inject_view_content_event: Missing option "access_token"
2026-05-15T13:05:28+00:00 DEBUG Tt4b_Pixel_Class::inject_view_content_event: hit ViewContent
2026-05-15T13:05:28+00:00 DEBUG Tt4b_Pixel_Class::inject_view_content_event: Missing option "access_token"
2026-05-15T13:05:41+00:00 DEBUG Tt4b_Pixel_Class::inject_view_content_event: hit ViewContent
2026-05-15T13:05:41+00:00 DEBUG Tt4b_Pixel_Class::inject_view_content_event: Missing option "access_token"
2026-05-15T13:05:41+00:00 DEBUG Tt4b_Pixel_Class::inject_view_content_event: hit ViewContent
2026-05-15T13:05:41+00:00 DEBUG Tt4b_Pixel_Class::inject_view_content_event: Missing option "access_token"
2026-05-15T13:05:45+00:00 DEBUG Tt4b_Pixel_Class::inject_view_content_event: hit ViewContent
2026-05-15T13:05:45+00:00 DEBUG Tt4b_Pixel_Class::inject_view_content_event: Missing option "access_token"
2026-05-15T13:05:46+00:00 DEBUG Tt4b_Pixel_Class::inject_view_content_event: hit ViewContent
2026-05-15T13:05:46+00:00 DEBUG Tt4b_Pixel_Class::inject_view_content_event: Missing option "access_token"
2026-05-15T13:05:55+00:00 DEBUG Tt4b_Pixel_Class::inject_view_content_event: hit ViewContent
2026-05-15T13:05:55+00:00 DEBUG Tt4b_Pixel_Class::inject_view_content_event: Missing option "access_token"
2026-05-15T13:06:22+00:00 DEBUG Tt4b_Pixel_Class::inject_view_content_event: hit ViewContent
2026-05-15T13:06:22+00:00 DEBUG Tt4b_Pixel_Class::inject_view_content_event: Missing option "access_token"
2026-05-15T13:07:12+00:00 DEBUG Tt4b_Pixel_Class::inject_view_content_event: hit ViewContent
2026-05-15T13:07:12+00:00 DEBUG Tt4b_Pixel_Class::inject_view_content_event: Missing option "access_token"
2026-05-15T13:07:15+00:00 DEBUG Tt4b_Pixel_Class::inject_view_content_event: hit ViewContent
2026-05-15T13:07:15+00:00 DEBUG Tt4b_Pixel_Class::inject_view_content_event: Missing option "access_token"
2026-05-15T13:07:32+00:00 DEBUG Tt4b_Pixel_Class::inject_view_content_event: hit ViewContent
2026-05-15T13:07:32+00:00 DEBUG Tt4b_Pixel_Class::inject_view_content_event: Missing option "access_token"
2026-05-15T13:07:32+00:00 DEBUG Tt4b_Pixel_Class::inject_view_content_event: hit ViewContent
2026-05-15T13:07:32+00:00 DEBUG Tt4b_Pixel_Class::inject_view_content_event: Missing option "access_token"
2026-05-15T13:07:39+00:00 DEBUG Tt4b_Pixel_Class::inject_view_content_event: hit ViewContent
2026-05-15T13:07:39+00:00 DEBUG Tt4b_Pixel_Class::inject_view_content_event: Missing option "access_token"
2026-05-15T13:08:27+00:00 DEBUG Tt4b_Pixel_Class::inject_view_content_event: hit ViewContent
2026-05-15T13:08:27+00:00 DEBUG Tt4b_Pixel_Class::inject_view_content_event: Missing option "access_token"
2026-05-15T13:09:04+00:00 DEBUG Tt4b_Pixel_Class::inject_view_content_event: hit ViewContent
2026-05-15T13:09:04+00:00 DEBUG Tt4b_Pixel_Class::inject_view_content_event: Missing option "access_token"
2026-05-15T13:09:05+00:00 DEBUG Tt4b_Pixel_Class::inject_view_content_event: hit ViewContent
2026-05-15T13:09:05+00:00 DEBUG Tt4b_Pixel_Class::inject_view_content_event: Missing option "access_token"
2026-05-15T13:25:46+00:00 DEBUG Tt4b_Pixel_Class::inject_view_content_event: hit ViewContent
2026-05-15T13:25:46+00:00 DEBUG Tt4b_Pixel_Class::inject_view_content_event: Missing option "access_token"
2026-05-15T14:04:01+00:00 DEBUG Tt4b_Pixel_Class::inject_view_content_event: hit ViewContent
2026-05-15T14:04:01+00:00 DEBUG Tt4b_Pixel_Class::inject_view_content_event: Missing option "access_token"
2026-05-15T14:04:52+00:00 DEBUG Tt4b_Pixel_Class::inject_view_content_event: hit ViewContent
2026-05-15T14:04:52+00:00 DEBUG Tt4b_Pixel_Class::inject_view_content_event: Missing option "access_token"
2026-05-15T14:05:01+00:00 DEBUG Tt4b_Pixel_Class::inject_view_content_event: hit ViewContent
2026-05-15T14:05:01+00:00 DEBUG Tt4b_Pixel_Class::inject_view_content_event: Missing option "access_token"
2026-05-15T14:06:22+00:00 DEBUG Tt4b_Pixel_Class::inject_add_to_cart_event: hit AddToCart
2026-05-15T14:06:22+00:00 DEBUG Tt4b_Pixel_Class::inject_add_to_cart_event: Missing option "access_token"
2026-05-15T14:06:48+00:00 DEBUG Tt4b_Pixel_Class::inject_add_to_cart_event: hit AddToCart
2026-05-15T14:06:48+00:00 DEBUG Tt4b_Pixel_Class::inject_add_to_cart_event: Missing option "access_token"
2026-05-15T14:06:58+00:00 DEBUG Tt4b_Pixel_Class::inject_add_to_cart_event: hit AddToCart
2026-05-15T14:06:58+00:00 DEBUG Tt4b_Pixel_Class::inject_add_to_cart_event: Missing option "access_token"
2026-05-15T14:06:58+00:00 DEBUG Tt4b_Pixel_Class::inject_add_to_cart_event: hit AddToCart
2026-05-15T14:06:58+00:00 DEBUG Tt4b_Pixel_Class::inject_add_to_cart_event: Missing option "access_token"
2026-05-15T14:06:58+00:00 DEBUG Tt4b_Pixel_Class::inject_view_content_event: hit ViewContent
2026-05-15T14:06:58+00:00 DEBUG Tt4b_Pixel_Class::inject_view_content_event: Missing option "access_token"
2026-05-15T14:07:39+00:00 DEBUG Tt4b_Pixel_Class::inject_add_to_cart_event: hit AddToCart
2026-05-15T14:07:39+00:00 DEBUG Tt4b_Pixel_Class::inject_add_to_cart_event: Missing option "access_token"
2026-05-15T14:07:39+00:00 DEBUG Tt4b_Pixel_Class::inject_view_content_event: hit ViewContent
2026-05-15T14:07:39+00:00 DEBUG Tt4b_Pixel_Class::inject_view_content_event: Missing option "access_token"
2026-05-15T14:07:39+00:00 DEBUG Tt4b_Pixel_Class::inject_add_to_cart_event: hit AddToCart
2026-05-15T14:07:40+00:00 DEBUG Tt4b_Pixel_Class::inject_add_to_cart_event: Missing option "access_token"
2026-05-15T14:07:40+00:00 DEBUG Tt4b_Pixel_Class::inject_view_content_event: hit ViewContent
2026-05-15T14:07:40+00:00 DEBUG Tt4b_Pixel_Class::inject_view_content_event: Missing option "access_token"
2026-05-15T14:07:45+00:00 DEBUG Tt4b_Pixel_Class::inject_add_to_cart_event: hit AddToCart
2026-05-15T14:07:45+00:00 DEBUG Tt4b_Pixel_Class::inject_add_to_cart_event: Missing option "access_token"
2026-05-15T14:07:54+00:00 DEBUG Tt4b_Pixel_Class::inject_add_to_cart_event: hit AddToCart
2026-05-15T14:07:54+00:00 DEBUG Tt4b_Pixel_Class::inject_add_to_cart_event: Missing option "access_token"
2026-05-15T14:07:54+00:00 DEBUG Tt4b_Pixel_Class::inject_view_content_event: hit ViewContent
2026-05-15T14:07:54+00:00 DEBUG Tt4b_Pixel_Class::inject_view_content_event: Missing option "access_token"
2026-05-15T14:08:13+00:00 DEBUG Tt4b_Pixel_Class::inject_add_to_cart_event: hit AddToCart
2026-05-15T14:08:13+00:00 DEBUG Tt4b_Pixel_Class::inject_add_to_cart_event: Missing option "access_token"
2026-05-15T14:08:13+00:00 DEBUG Tt4b_Pixel_Class::inject_view_content_event: hit ViewContent
2026-05-15T14:08:13+00:00 DEBUG Tt4b_Pixel_Class::inject_view_content_event: Missing option "access_token"
2026-05-15T14:08:13+00:00 DEBUG Tt4b_Pixel_Class::inject_add_to_cart_event: hit AddToCart
2026-05-15T14:08:13+00:00 DEBUG Tt4b_Pixel_Class::inject_add_to_cart_event: Missing option "access_token"
2026-05-15T14:08:13+00:00 DEBUG Tt4b_Pixel_Class::inject_view_content_event: hit ViewContent
2026-05-15T14:08:13+00:00 DEBUG Tt4b_Pixel_Class::inject_view_content_event: Missing option "access_token"
2026-05-15T14:55:52+00:00 DEBUG Tt4b_Pixel_Class::inject_view_content_event: hit ViewContent
2026-05-15T14:55:52+00:00 DEBUG Tt4b_Pixel_Class::inject_view_content_event: Missing option "access_token"
2026-05-15T14:56:02+00:00 DEBUG Tt4b_Pixel_Class::inject_view_content_event: hit ViewContent
2026-05-15T14:56:02+00:00 DEBUG Tt4b_Pixel_Class::inject_view_content_event: Missing option "access_token"
2026-05-15T14:56:03+00:00 DEBUG Tt4b_Pixel_Class::inject_view_content_event: hit ViewContent
2026-05-15T14:56:03+00:00 DEBUG Tt4b_Pixel_Class::inject_view_content_event: Missing option "access_token"
2026-05-15T14:57:04+00:00 DEBUG Tt4b_Pixel_Class::inject_add_to_cart_event: hit AddToCart
2026-05-15T14:57:04+00:00 DEBUG Tt4b_Pixel_Class::inject_add_to_cart_event: Missing option "access_token"
2026-05-15T14:57:04+00:00 DEBUG Tt4b_Pixel_Class::inject_view_content_event: hit ViewContent
2026-05-15T14:57:04+00:00 DEBUG Tt4b_Pixel_Class::inject_view_content_event: Missing option "access_token"
2026-05-15T14:57:46+00:00 DEBUG Tt4b_Pixel_Class::inject_add_to_cart_event: hit AddToCart
2026-05-15T14:57:46+00:00 DEBUG Tt4b_Pixel_Class::inject_add_to_cart_event: Missing option "access_token"
2026-05-15T14:57:46+00:00 DEBUG Tt4b_Pixel_Class::inject_view_content_event: hit ViewContent
2026-05-15T14:57:46+00:00 DEBUG Tt4b_Pixel_Class::inject_view_content_event: Missing option "access_token"
2026-05-15T14:57:56+00:00 DEBUG Tt4b_Pixel_Class::inject_add_to_cart_event: hit AddToCart
2026-05-15T14:57:56+00:00 DEBUG Tt4b_Pixel_Class::inject_add_to_cart_event: Missing option "access_token"
2026-05-15T14:57:57+00:00 DEBUG Tt4b_Pixel_Class::inject_view_content_event: hit ViewContent
2026-05-15T14:57:57+00:00 DEBUG Tt4b_Pixel_Class::inject_view_content_event: Missing option "access_token"
2026-05-15T14:58:03+00:00 DEBUG Tt4b_Pixel_Class::inject_add_to_cart_event: hit AddToCart
2026-05-15T14:58:03+00:00 DEBUG Tt4b_Pixel_Class::inject_add_to_cart_event: Missing option "access_token"
2026-05-15T14:58:03+00:00 DEBUG Tt4b_Pixel_Class::inject_view_content_event: hit ViewContent
2026-05-15T14:58:03+00:00 DEBUG Tt4b_Pixel_Class::inject_view_content_event: Missing option "access_token"
2026-05-15T14:58:17+00:00 DEBUG Tt4b_Pixel_Class::inject_add_to_cart_event: hit AddToCart
2026-05-15T14:58:17+00:00 DEBUG Tt4b_Pixel_Class::inject_add_to_cart_event: Missing option "access_token"
2026-05-15T14:58:17+00:00 DEBUG Tt4b_Pixel_Class::inject_view_content_event: hit ViewContent
2026-05-15T14:58:17+00:00 DEBUG Tt4b_Pixel_Class::inject_view_content_event: Missing option "access_token"
2026-05-15T14:58:28+00:00 DEBUG Tt4b_Pixel_Class::inject_add_to_cart_event: hit AddToCart
2026-05-15T14:58:28+00:00 DEBUG Tt4b_Pixel_Class::inject_add_to_cart_event: Missing option "access_token"
2026-05-15T14:58:28+00:00 DEBUG Tt4b_Pixel_Class::inject_view_content_event: hit ViewContent
2026-05-15T14:58:28+00:00 DEBUG Tt4b_Pixel_Class::inject_view_content_event: Missing option "access_token"
2026-05-15T14:59:10+00:00 DEBUG Tt4b_Pixel_Class::inject_add_to_cart_event: hit AddToCart
2026-05-15T14:59:10+00:00 DEBUG Tt4b_Pixel_Class::inject_add_to_cart_event: Missing option "access_token"
2026-05-15T14:59:10+00:00 DEBUG Tt4b_Pixel_Class::inject_view_content_event: hit ViewContent
2026-05-15T14:59:10+00:00 DEBUG Tt4b_Pixel_Class::inject_view_content_event: Missing option "access_token"
2026-05-15T14:59:27+00:00 DEBUG Tt4b_Pixel_Class::inject_add_to_cart_event: hit AddToCart
2026-05-15T14:59:27+00:00 DEBUG Tt4b_Pixel_Class::inject_add_to_cart_event: Missing option "access_token"
2026-05-15T14:59:27+00:00 DEBUG Tt4b_Pixel_Class::inject_view_content_event: hit ViewContent
2026-05-15T14:59:27+00:00 DEBUG Tt4b_Pixel_Class::inject_view_content_event: Missing option "access_token"
2026-05-15T15:00:07+00:00 DEBUG Tt4b_Pixel_Class::inject_add_to_cart_event: hit AddToCart
2026-05-15T15:00:07+00:00 DEBUG Tt4b_Pixel_Class::inject_add_to_cart_event: Missing option "access_token"
2026-05-15T15:00:07+00:00 DEBUG Tt4b_Pixel_Class::inject_view_content_event: hit ViewContent
2026-05-15T15:00:07+00:00 DEBUG Tt4b_Pixel_Class::inject_view_content_event: Missing option "access_token"
2026-05-15T15:00:16+00:00 DEBUG Tt4b_Pixel_Class::inject_add_to_cart_event: hit AddToCart
2026-05-15T15:00:16+00:00 DEBUG Tt4b_Pixel_Class::inject_add_to_cart_event: Missing option "access_token"
2026-05-15T15:00:16+00:00 DEBUG Tt4b_Pixel_Class::inject_view_content_event: hit ViewContent
2026-05-15T15:00:16+00:00 DEBUG Tt4b_Pixel_Class::inject_view_content_event: Missing option "access_token"
2026-05-15T15:30:47+00:00 DEBUG Tt4b_Pixel_Class::inject_add_to_cart_event: hit AddToCart
2026-05-15T15:30:47+00:00 DEBUG Tt4b_Pixel_Class::inject_add_to_cart_event: Missing option "access_token"
2026-05-15T15:30:51+00:00 DEBUG Tt4b_Pixel_Class::inject_add_to_cart_event: hit AddToCart
2026-05-15T15:30:52+00:00 DEBUG Tt4b_Pixel_Class::inject_add_to_cart_event: Missing option "access_token"
2026-05-15T15:30:56+00:00 DEBUG Tt4b_Pixel_Class::inject_add_to_cart_event: hit AddToCart
2026-05-15T15:30:56+00:00 DEBUG Tt4b_Pixel_Class::inject_add_to_cart_event: Missing option "access_token"
2026-05-15T15:31:23+00:00 DEBUG Tt4b_Pixel_Class::inject_initiate_checkout_event: hit InitiateCheckout
2026-05-15T15:31:23+00:00 DEBUG Tt4b_Pixel_Class::inject_initiate_checkout_event: Missing option "access_token"
2026-05-15T15:32:50+00:00 DEBUG Tt4b_Pixel_Class::inject_initiate_checkout_event: hit InitiateCheckout
2026-05-15T15:32:50+00:00 DEBUG Tt4b_Pixel_Class::inject_initiate_checkout_event: Missing option "access_token"
2026-05-15T15:34:22+00:00 DEBUG Tt4b_Pixel_Class::inject_purchase_event: hit Purchase
2026-05-15T15:34:22+00:00 DEBUG Tt4b_Pixel_Class::inject_purchase_event: Missing option "access_token"
2026-05-15T15:51:19+00:00 DEBUG Tt4b_Pixel_Class::inject_add_to_cart_event: hit AddToCart
2026-05-15T15:51:19+00:00 DEBUG Tt4b_Pixel_Class::inject_add_to_cart_event: Missing option "access_token"
2026-05-15T15:51:19+00:00 DEBUG Tt4b_Pixel_Class::inject_view_content_event: hit ViewContent
2026-05-15T15:51:19+00:00 DEBUG Tt4b_Pixel_Class::inject_view_content_event: Missing option "access_token"
2026-05-15T15:51:55+00:00 DEBUG Tt4b_Pixel_Class::inject_add_to_cart_event: hit AddToCart
2026-05-15T15:51:55+00:00 DEBUG Tt4b_Pixel_Class::inject_add_to_cart_event: Missing option "access_token"
2026-05-15T15:51:56+00:00 DEBUG Tt4b_Pixel_Class::inject_view_content_event: hit ViewContent
2026-05-15T15:51:56+00:00 DEBUG Tt4b_Pixel_Class::inject_view_content_event: Missing option "access_token"
2026-05-15T15:52:37+00:00 DEBUG Tt4b_Pixel_Class::inject_add_to_cart_event: hit AddToCart
2026-05-15T15:52:37+00:00 DEBUG Tt4b_Pixel_Class::inject_add_to_cart_event: Missing option "access_token"
2026-05-15T15:52:37+00:00 DEBUG Tt4b_Pixel_Class::inject_view_content_event: hit ViewContent
2026-05-15T15:52:37+00:00 DEBUG Tt4b_Pixel_Class::inject_view_content_event: Missing option "access_token"
2026-05-15T15:53:23+00:00 DEBUG Tt4b_Pixel_Class::inject_add_to_cart_event: hit AddToCart
2026-05-15T15:53:23+00:00 DEBUG Tt4b_Pixel_Class::inject_add_to_cart_event: Missing option "access_token"
2026-05-15T15:53:23+00:00 DEBUG Tt4b_Pixel_Class::inject_view_content_event: hit ViewContent
2026-05-15T15:53:23+00:00 DEBUG Tt4b_Pixel_Class::inject_view_content_event: Missing option "access_token"
2026-05-15T15:54:00+00:00 DEBUG Tt4b_Pixel_Class::inject_add_to_cart_event: hit AddToCart
2026-05-15T15:54:00+00:00 DEBUG Tt4b_Pixel_Class::inject_add_to_cart_event: Missing option "access_token"
2026-05-15T15:54:00+00:00 DEBUG Tt4b_Pixel_Class::inject_add_to_cart_event: hit AddToCart
2026-05-15T15:54:00+00:00 DEBUG Tt4b_Pixel_Class::inject_add_to_cart_event: Missing option "access_token"
2026-05-15T15:54:01+00:00 DEBUG Tt4b_Pixel_Class::inject_view_content_event: hit ViewContent
2026-05-15T15:54:01+00:00 DEBUG Tt4b_Pixel_Class::inject_view_content_event: Missing option "access_token"
2026-05-15T15:54:01+00:00 DEBUG Tt4b_Pixel_Class::inject_view_content_event: hit ViewContent
2026-05-15T15:54:01+00:00 DEBUG Tt4b_Pixel_Class::inject_view_content_event: Missing option "access_token"
2026-05-15T15:54:05+00:00 DEBUG Tt4b_Pixel_Class::inject_add_to_cart_event: hit AddToCart
2026-05-15T15:54:05+00:00 DEBUG Tt4b_Pixel_Class::inject_add_to_cart_event: Missing option "access_token"
2026-05-15T15:54:05+00:00 DEBUG Tt4b_Pixel_Class::inject_view_content_event: hit ViewContent
2026-05-15T15:54:05+00:00 DEBUG Tt4b_Pixel_Class::inject_view_content_event: Missing option "access_token"
2026-05-15T15:54:55+00:00 DEBUG Tt4b_Pixel_Class::inject_add_to_cart_event: hit AddToCart
2026-05-15T15:54:55+00:00 DEBUG Tt4b_Pixel_Class::inject_add_to_cart_event: Missing option "access_token"
2026-05-15T15:54:55+00:00 DEBUG Tt4b_Pixel_Class::inject_add_to_cart_event: hit AddToCart
2026-05-15T15:54:55+00:00 DEBUG Tt4b_Pixel_Class::inject_add_to_cart_event: Missing option "access_token"
2026-05-15T15:54:55+00:00 DEBUG Tt4b_Pixel_Class::inject_view_content_event: hit ViewContent
2026-05-15T15:54:55+00:00 DEBUG Tt4b_Pixel_Class::inject_view_content_event: Missing option "access_token"
2026-05-15T15:54:55+00:00 DEBUG Tt4b_Pixel_Class::inject_view_content_event: hit ViewContent
2026-05-15T15:54:55+00:00 DEBUG Tt4b_Pixel_Class::inject_view_content_event: Missing option "access_token"
2026-05-15T15:55:39+00:00 DEBUG Tt4b_Pixel_Class::inject_add_to_cart_event: hit AddToCart
2026-05-15T15:55:39+00:00 DEBUG Tt4b_Pixel_Class::inject_add_to_cart_event: Missing option "access_token"
2026-05-15T15:55:39+00:00 DEBUG Tt4b_Pixel_Class::inject_view_content_event: hit ViewContent
2026-05-15T15:55:39+00:00 DEBUG Tt4b_Pixel_Class::inject_view_content_event: Missing option "access_token"
2026-05-15T15:55:40+00:00 DEBUG Tt4b_Pixel_Class::inject_add_to_cart_event: hit AddToCart
2026-05-15T15:55:40+00:00 DEBUG Tt4b_Pixel_Class::inject_add_to_cart_event: Missing option "access_token"
2026-05-15T15:55:40+00:00 DEBUG Tt4b_Pixel_Class::inject_view_content_event: hit ViewContent
2026-05-15T15:55:40+00:00 DEBUG Tt4b_Pixel_Class::inject_view_content_event: Missing option "access_token"
2026-05-15T15:55:45+00:00 DEBUG Tt4b_Pixel_Class::inject_add_to_cart_event: hit AddToCart
2026-05-15T15:55:46+00:00 DEBUG Tt4b_Pixel_Class::inject_add_to_cart_event: Missing option "access_token"
2026-05-15T15:55:46+00:00 DEBUG Tt4b_Pixel_Class::inject_view_content_event: hit ViewContent
2026-05-15T15:55:46+00:00 DEBUG Tt4b_Pixel_Class::inject_view_content_event: Missing option "access_token"
2026-05-15T15:55:55+00:00 DEBUG Tt4b_Pixel_Class::inject_add_to_cart_event: hit AddToCart
2026-05-15T15:55:55+00:00 DEBUG Tt4b_Pixel_Class::inject_add_to_cart_event: Missing option "access_token"
2026-05-15T15:55:55+00:00 DEBUG Tt4b_Pixel_Class::inject_view_content_event: hit ViewContent
2026-05-15T15:55:55+00:00 DEBUG Tt4b_Pixel_Class::inject_view_content_event: Missing option "access_token"
2026-05-15T15:56:04+00:00 DEBUG Tt4b_Pixel_Class::inject_add_to_cart_event: hit AddToCart
2026-05-15T15:56:04+00:00 DEBUG Tt4b_Pixel_Class::inject_add_to_cart_event: Missing option "access_token"
2026-05-15T15:56:04+00:00 DEBUG Tt4b_Pixel_Class::inject_view_content_event: hit ViewContent
2026-05-15T15:56:04+00:00 DEBUG Tt4b_Pixel_Class::inject_view_content_event: Missing option "access_token"
2026-05-15T15:56:21+00:00 DEBUG Tt4b_Pixel_Class::inject_add_to_cart_event: hit AddToCart
2026-05-15T15:56:21+00:00 DEBUG Tt4b_Pixel_Class::inject_add_to_cart_event: Missing option "access_token"
2026-05-15T15:56:22+00:00 DEBUG Tt4b_Pixel_Class::inject_view_content_event: hit ViewContent
2026-05-15T15:56:22+00:00 DEBUG Tt4b_Pixel_Class::inject_view_content_event: Missing option "access_token"
2026-05-15T15:57:26+00:00 DEBUG Tt4b_Pixel_Class::inject_add_to_cart_event: hit AddToCart
2026-05-15T15:57:26+00:00 DEBUG Tt4b_Pixel_Class::inject_add_to_cart_event: Missing option "access_token"
2026-05-15T15:57:26+00:00 DEBUG Tt4b_Pixel_Class::inject_view_content_event: hit ViewContent
2026-05-15T15:57:26+00:00 DEBUG Tt4b_Pixel_Class::inject_view_content_event: Missing option "access_token"
2026-05-15T15:57:55+00:00 DEBUG Tt4b_Pixel_Class::inject_add_to_cart_event: hit AddToCart
2026-05-15T15:57:55+00:00 DEBUG Tt4b_Pixel_Class::inject_add_to_cart_event: Missing option "access_token"
2026-05-15T15:57:55+00:00 DEBUG Tt4b_Pixel_Class::inject_add_to_cart_event: hit AddToCart
2026-05-15T15:57:55+00:00 DEBUG Tt4b_Pixel_Class::inject_add_to_cart_event: Missing option "access_token"
2026-05-15T15:57:55+00:00 DEBUG Tt4b_Pixel_Class::inject_view_content_event: hit ViewContent
2026-05-15T15:57:55+00:00 DEBUG Tt4b_Pixel_Class::inject_view_content_event: Missing option "access_token"
2026-05-15T15:57:55+00:00 DEBUG Tt4b_Pixel_Class::inject_view_content_event: hit ViewContent
2026-05-15T15:57:55+00:00 DEBUG Tt4b_Pixel_Class::inject_view_content_event: Missing option "access_token"
2026-05-15T15:58:39+00:00 DEBUG Tt4b_Pixel_Class::inject_add_to_cart_event: hit AddToCart
2026-05-15T15:58:39+00:00 DEBUG Tt4b_Pixel_Class::inject_add_to_cart_event: Missing option "access_token"
2026-05-15T15:58:40+00:00 DEBUG Tt4b_Pixel_Class::inject_view_content_event: hit ViewContent
2026-05-15T15:58:40+00:00 DEBUG Tt4b_Pixel_Class::inject_view_content_event: Missing option "access_token"
2026-05-15T15:59:12+00:00 DEBUG Tt4b_Pixel_Class::inject_add_to_cart_event: hit AddToCart
2026-05-15T15:59:12+00:00 DEBUG Tt4b_Pixel_Class::inject_add_to_cart_event: Missing option "access_token"
2026-05-15T15:59:12+00:00 DEBUG Tt4b_Pixel_Class::inject_view_content_event: hit ViewContent
2026-05-15T15:59:12+00:00 DEBUG Tt4b_Pixel_Class::inject_view_content_event: Missing option "access_token"
2026-05-15T15:59:31+00:00 DEBUG Tt4b_Pixel_Class::inject_add_to_cart_event: hit AddToCart
2026-05-15T15:59:31+00:00 DEBUG Tt4b_Pixel_Class::inject_add_to_cart_event: Missing option "access_token"
2026-05-15T15:59:31+00:00 DEBUG Tt4b_Pixel_Class::inject_view_content_event: hit ViewContent
2026-05-15T15:59:31+00:00 DEBUG Tt4b_Pixel_Class::inject_view_content_event: Missing option "access_token"
2026-05-15T15:59:59+00:00 DEBUG Tt4b_Pixel_Class::inject_add_to_cart_event: hit AddToCart
2026-05-15T15:59:59+00:00 DEBUG Tt4b_Pixel_Class::inject_add_to_cart_event: Missing option "access_token"
2026-05-15T15:59:59+00:00 DEBUG Tt4b_Pixel_Class::inject_view_content_event: hit ViewContent
2026-05-15T15:59:59+00:00 DEBUG Tt4b_Pixel_Class::inject_view_content_event: Missing option "access_token"
2026-05-15T16:00:38+00:00 DEBUG Tt4b_Pixel_Class::inject_add_to_cart_event: hit AddToCart
2026-05-15T16:00:38+00:00 DEBUG Tt4b_Pixel_Class::inject_add_to_cart_event: Missing option "access_token"
2026-05-15T16:00:38+00:00 DEBUG Tt4b_Pixel_Class::inject_view_content_event: hit ViewContent
2026-05-15T16:00:38+00:00 DEBUG Tt4b_Pixel_Class::inject_view_content_event: Missing option "access_token"
